<?xml version="1.0" encoding="UTF-8"?>
<!-- Generated by org.testng.reporters.JUnitReportReporter -->
<testsuite hostname="DESKTOP-9BSPGAT" failures="0" tests="1" name="com.myMav.testcases.Refresh1" time="9.070" errors="0" timestamp="2022-06-05T07:53:25 IST" skipped="0">
  <testcase classname="com.myMav.testcases.Refresh1" name="Refres" time="9.070"/>
  <system-out/>
</testsuite> <!-- com.myMav.testcases.Refresh1 -->
