<?xml version="1.0" encoding="UTF-8"?>
<!-- Generated by org.testng.reporters.JUnitReportReporter -->
<testsuite hostname="DESKTOP-9BSPGAT" failures="0" tests="1" name="com.myMav.testcases.Profile1" time="8.526" errors="0" timestamp="2022-06-05T08:06:59 IST" skipped="0">
  <testcase classname="com.myMav.testcases.Profile1" name="prof" time="8.526"/>
  <system-out/>
</testsuite> <!-- com.myMav.testcases.Profile1 -->
