<?xml version="1.0" encoding="UTF-8"?>
<!-- Generated by org.testng.reporters.JUnitReportReporter -->
<testsuite hostname="DESKTOP-9BSPGAT" failures="0" tests="1" name="com.myMav.testcases.Locality1" time="8.433" errors="0" timestamp="2022-06-05T07:53:25 IST" skipped="0">
  <testcase classname="com.myMav.testcases.Locality1" name="loc" time="8.433"/>
  <system-out/>
</testsuite> <!-- com.myMav.testcases.Locality1 -->
